<?xml version="1.0" encoding="UTF-8"?>
<!-- Generated by org.testng.reporters.JUnitReportReporter -->
<testsuite skipped="0" hostname="TYSS-PT-Srikanth" name="test.Test1" tests="1" failures="0" timestamp="13 Feb 2020 11:54:40 GMT" time="2.847" errors="0">
  <testcase name="getTest" time="2.847" classname="test.Test1"/>
</testsuite> <!-- test.Test1 -->
