<?xml version="1.0" encoding="UTF-8"?>
<!-- Generated by org.testng.reporters.JUnitReportReporter -->
<testsuite skipped="0" hostname="TYSS-PT-Srikanth" name="com.FSM.ItemAPITest.ItemApi_GetTest" tests="1" failures="0" timestamp="24 Feb 2020 07:53:59 GMT" time="2.859" errors="0">
  <testcase name="getTest" time="2.859" classname="com.FSM.ItemAPITest.ItemApi_GetTest"/>
</testsuite> <!-- com.FSM.ItemAPITest.ItemApi_GetTest -->
